INFO - 2023-06-24 10:08:03 --> Session: Class initialized using 'CodeIgniter\Session\Handlers\FileHandler' driver.
INFO - 2023-06-24 10:08:03 --> Session: Class initialized using 'CodeIgniter\Session\Handlers\FileHandler' driver.
INFO - 2023-06-24 10:08:10 --> Session: Class initialized using 'CodeIgniter\Session\Handlers\FileHandler' driver.
INFO - 2023-06-24 10:08:10 --> Session: Class initialized using 'CodeIgniter\Session\Handlers\FileHandler' driver.
INFO - 2023-06-24 10:08:12 --> Session: Class initialized using 'CodeIgniter\Session\Handlers\FileHandler' driver.
INFO - 2023-06-24 10:08:14 --> Session: Class initialized using 'CodeIgniter\Session\Handlers\FileHandler' driver.
CRITICAL - 2023-06-24 10:08:14 --> Class "BaconQrCode\Renderer\Image\Png" not found
in APPPATH\Controllers\Buku.php on line 98.
 1 SYSTEMPATH\CodeIgniter.php(934): App\Controllers\Buku->generateQRCode('4')
 2 SYSTEMPATH\CodeIgniter.php(499): CodeIgniter\CodeIgniter->runController(Object(App\Controllers\Buku))
 3 SYSTEMPATH\CodeIgniter.php(368): CodeIgniter\CodeIgniter->handleRequest(null, Object(Config\Cache), false)
 4 FCPATH\index.php(67): CodeIgniter\CodeIgniter->run()
 5 SYSTEMPATH\Commands\Server\rewrite.php(47): require_once('D:\\xampp\\htdocs\\CI\\public\\index.php')
INFO - 2023-06-24 10:08:24 --> Session: Class initialized using 'CodeIgniter\Session\Handlers\FileHandler' driver.
INFO - 2023-06-24 10:22:30 --> Session: Class initialized using 'CodeIgniter\Session\Handlers\FileHandler' driver.
INFO - 2023-06-24 10:22:33 --> Session: Class initialized using 'CodeIgniter\Session\Handlers\FileHandler' driver.
INFO - 2023-06-24 10:22:34 --> Session: Class initialized using 'CodeIgniter\Session\Handlers\FileHandler' driver.
CRITICAL - 2023-06-24 10:22:34 --> Class "BaconQrCode\Renderer\Image\Png" not found
in APPPATH\Controllers\Buku.php on line 98.
 1 SYSTEMPATH\CodeIgniter.php(934): App\Controllers\Buku->generateQRCode('4')
 2 SYSTEMPATH\CodeIgniter.php(499): CodeIgniter\CodeIgniter->runController(Object(App\Controllers\Buku))
 3 SYSTEMPATH\CodeIgniter.php(368): CodeIgniter\CodeIgniter->handleRequest(null, Object(Config\Cache), false)
 4 FCPATH\index.php(67): CodeIgniter\CodeIgniter->run()
 5 SYSTEMPATH\Commands\Server\rewrite.php(47): require_once('D:\\xampp\\htdocs\\CI\\public\\index.php')
INFO - 2023-06-24 10:24:27 --> Session: Class initialized using 'CodeIgniter\Session\Handlers\FileHandler' driver.
CRITICAL - 2023-06-24 10:24:27 --> Cannot use object of type stdClass as array
in APPPATH\Controllers\Buku.php on line 87.
 1 SYSTEMPATH\CodeIgniter.php(934): App\Controllers\Buku->generateQRCode('4')
 2 SYSTEMPATH\CodeIgniter.php(499): CodeIgniter\CodeIgniter->runController(Object(App\Controllers\Buku))
 3 SYSTEMPATH\CodeIgniter.php(368): CodeIgniter\CodeIgniter->handleRequest(null, Object(Config\Cache), false)
 4 FCPATH\index.php(67): CodeIgniter\CodeIgniter->run()
 5 SYSTEMPATH\Commands\Server\rewrite.php(47): require_once('D:\\xampp\\htdocs\\CI\\public\\index.php')
INFO - 2023-06-24 10:24:28 --> Session: Class initialized using 'CodeIgniter\Session\Handlers\FileHandler' driver.
INFO - 2023-06-24 10:24:30 --> Session: Class initialized using 'CodeIgniter\Session\Handlers\FileHandler' driver.
CRITICAL - 2023-06-24 10:24:30 --> Cannot use object of type stdClass as array
in APPPATH\Controllers\Buku.php on line 87.
 1 SYSTEMPATH\CodeIgniter.php(934): App\Controllers\Buku->generateQRCode('4')
 2 SYSTEMPATH\CodeIgniter.php(499): CodeIgniter\CodeIgniter->runController(Object(App\Controllers\Buku))
 3 SYSTEMPATH\CodeIgniter.php(368): CodeIgniter\CodeIgniter->handleRequest(null, Object(Config\Cache), false)
 4 FCPATH\index.php(67): CodeIgniter\CodeIgniter->run()
 5 SYSTEMPATH\Commands\Server\rewrite.php(47): require_once('D:\\xampp\\htdocs\\CI\\public\\index.php')
INFO - 2023-06-24 10:25:25 --> Session: Class initialized using 'CodeIgniter\Session\Handlers\FileHandler' driver.
INFO - 2023-06-24 10:25:26 --> Session: Class initialized using 'CodeIgniter\Session\Handlers\FileHandler' driver.
CRITICAL - 2023-06-24 10:25:27 --> Class "BaconQrCode\Renderer\RendererStyle" not found
in APPPATH\Controllers\Buku.php on line 93.
 1 SYSTEMPATH\CodeIgniter.php(934): App\Controllers\Buku->generateQRCode('4')
 2 SYSTEMPATH\CodeIgniter.php(499): CodeIgniter\CodeIgniter->runController(Object(App\Controllers\Buku))
 3 SYSTEMPATH\CodeIgniter.php(368): CodeIgniter\CodeIgniter->handleRequest(null, Object(Config\Cache), false)
 4 FCPATH\index.php(67): CodeIgniter\CodeIgniter->run()
 5 SYSTEMPATH\Commands\Server\rewrite.php(47): require_once('D:\\xampp\\htdocs\\CI\\public\\index.php')
INFO - 2023-06-24 10:26:09 --> Session: Class initialized using 'CodeIgniter\Session\Handlers\FileHandler' driver.
INFO - 2023-06-24 10:26:10 --> Session: Class initialized using 'CodeIgniter\Session\Handlers\FileHandler' driver.
CRITICAL - 2023-06-24 10:26:10 --> Class "App\Controllers\RendererStyle" not found
in APPPATH\Controllers\Buku.php on line 93.
 1 SYSTEMPATH\CodeIgniter.php(934): App\Controllers\Buku->generateQRCode('4')
 2 SYSTEMPATH\CodeIgniter.php(499): CodeIgniter\CodeIgniter->runController(Object(App\Controllers\Buku))
 3 SYSTEMPATH\CodeIgniter.php(368): CodeIgniter\CodeIgniter->handleRequest(null, Object(Config\Cache), false)
 4 FCPATH\index.php(67): CodeIgniter\CodeIgniter->run()
 5 SYSTEMPATH\Commands\Server\rewrite.php(47): require_once('D:\\xampp\\htdocs\\CI\\public\\index.php')
INFO - 2023-06-24 10:26:51 --> Session: Class initialized using 'CodeIgniter\Session\Handlers\FileHandler' driver.
INFO - 2023-06-24 10:26:52 --> Session: Class initialized using 'CodeIgniter\Session\Handlers\FileHandler' driver.
CRITICAL - 2023-06-24 10:26:52 --> Class "BaconQrCode\Renderer\Image\Png" not found
in APPPATH\Controllers\Buku.php on line 92.
 1 SYSTEMPATH\CodeIgniter.php(934): App\Controllers\Buku->generateQRCode('4')
 2 SYSTEMPATH\CodeIgniter.php(499): CodeIgniter\CodeIgniter->runController(Object(App\Controllers\Buku))
 3 SYSTEMPATH\CodeIgniter.php(368): CodeIgniter\CodeIgniter->handleRequest(null, Object(Config\Cache), false)
 4 FCPATH\index.php(67): CodeIgniter\CodeIgniter->run()
 5 SYSTEMPATH\Commands\Server\rewrite.php(47): require_once('D:\\xampp\\htdocs\\CI\\public\\index.php')
INFO - 2023-06-24 10:30:27 --> Session: Class initialized using 'CodeIgniter\Session\Handlers\FileHandler' driver.
INFO - 2023-06-24 10:30:28 --> Session: Class initialized using 'CodeIgniter\Session\Handlers\FileHandler' driver.
CRITICAL - 2023-06-24 10:30:28 --> Class "BaconQrCode\Renderer\Image\Png" not found
in APPPATH\Controllers\Buku.php on line 92.
 1 SYSTEMPATH\CodeIgniter.php(934): App\Controllers\Buku->generateQRCode('4')
 2 SYSTEMPATH\CodeIgniter.php(499): CodeIgniter\CodeIgniter->runController(Object(App\Controllers\Buku))
 3 SYSTEMPATH\CodeIgniter.php(368): CodeIgniter\CodeIgniter->handleRequest(null, Object(Config\Cache), false)
 4 FCPATH\index.php(67): CodeIgniter\CodeIgniter->run()
 5 SYSTEMPATH\Commands\Server\rewrite.php(47): require_once('D:\\xampp\\htdocs\\CI\\public\\index.php')
INFO - 2023-06-24 10:33:35 --> Session: Class initialized using 'CodeIgniter\Session\Handlers\FileHandler' driver.
INFO - 2023-06-24 10:33:36 --> Session: Class initialized using 'CodeIgniter\Session\Handlers\FileHandler' driver.
INFO - 2023-06-24 10:33:37 --> Session: Class initialized using 'CodeIgniter\Session\Handlers\FileHandler' driver.
CRITICAL - 2023-06-24 10:33:37 --> Class "Illuminate\Support\Facades\Facade" not found
in VENDORPATH\simplesoftwareio\simple-qrcode\src\Facades\QrCode.php on line 8.
 1 SYSTEMPATH\Autoloader\Autoloader.php(312): include_once()
 2 SYSTEMPATH\Autoloader\Autoloader.php(248): CodeIgniter\Autoloader\Autoloader->includeFile('D:\\xampp\\htdocs\\CI\\vendor\\composer/../simplesoftwareio/simple-qrcode/src/Facades/QrCode.php')
 3 APPPATH\Controllers\Buku.php(90): CodeIgniter\Autoloader\Autoloader->loadClassmap('SimpleSoftwareIO\\QrCode\\Facades\\QrCode')
 4 SYSTEMPATH\CodeIgniter.php(934): App\Controllers\Buku->generateQRCode('4')
 5 SYSTEMPATH\CodeIgniter.php(499): CodeIgniter\CodeIgniter->runController(Object(App\Controllers\Buku))
 6 SYSTEMPATH\CodeIgniter.php(368): CodeIgniter\CodeIgniter->handleRequest(null, Object(Config\Cache), false)
 7 FCPATH\index.php(67): CodeIgniter\CodeIgniter->run()
 8 SYSTEMPATH\Commands\Server\rewrite.php(47): require_once('D:\\xampp\\htdocs\\CI\\public\\index.php')
INFO - 2023-06-24 10:33:39 --> Session: Class initialized using 'CodeIgniter\Session\Handlers\FileHandler' driver.
INFO - 2023-06-24 10:37:42 --> Session: Class initialized using 'CodeIgniter\Session\Handlers\FileHandler' driver.
CRITICAL - 2023-06-24 10:37:42 --> Call to undefined method CodeIgniter\View\View::generateQRCode()
in APPPATH\Views\buku\index.php on line 53.
 1 SYSTEMPATH\View\View.php(213): include()
 2 SYSTEMPATH\View\View.php(216): CodeIgniter\View\View->CodeIgniter\View\{closure}()
 3 SYSTEMPATH\Common.php(1184): CodeIgniter\View\View->render('buku/index', [], true)
 4 APPPATH\Controllers\Buku.php(36): view('buku/index', [...])
 5 SYSTEMPATH\CodeIgniter.php(934): App\Controllers\Buku->index()
 6 SYSTEMPATH\CodeIgniter.php(499): CodeIgniter\CodeIgniter->runController(Object(App\Controllers\Buku))
 7 SYSTEMPATH\CodeIgniter.php(368): CodeIgniter\CodeIgniter->handleRequest(null, Object(Config\Cache), false)
 8 FCPATH\index.php(67): CodeIgniter\CodeIgniter->run()
 9 SYSTEMPATH\Commands\Server\rewrite.php(47): require_once('D:\\xampp\\htdocs\\CI\\public\\index.php')
INFO - 2023-06-24 10:38:37 --> Session: Class initialized using 'CodeIgniter\Session\Handlers\FileHandler' driver.
CRITICAL - 2023-06-24 10:38:37 --> Attempt to read property "id" on array
in APPPATH\Views\buku\index.php on line 53.
 1 APPPATH\Views\buku\index.php(53): CodeIgniter\Debug\Exceptions->errorHandler(2, 'Attempt to read property "id" on array', 'D:\\xampp\\htdocs\\CI\\app\\Views\\buku\\index.php', 53)
 2 SYSTEMPATH\View\View.php(213): include('D:\\xampp\\htdocs\\CI\\app\\Views\\buku\\index.php')
 3 SYSTEMPATH\View\View.php(216): CodeIgniter\View\View->CodeIgniter\View\{closure}()
 4 SYSTEMPATH\Common.php(1184): CodeIgniter\View\View->render('buku/index', [], true)
 5 APPPATH\Controllers\Buku.php(36): view('buku/index', [...])
 6 SYSTEMPATH\CodeIgniter.php(934): App\Controllers\Buku->index()
 7 SYSTEMPATH\CodeIgniter.php(499): CodeIgniter\CodeIgniter->runController(Object(App\Controllers\Buku))
 8 SYSTEMPATH\CodeIgniter.php(368): CodeIgniter\CodeIgniter->handleRequest(null, Object(Config\Cache), false)
 9 FCPATH\index.php(67): CodeIgniter\CodeIgniter->run()
10 SYSTEMPATH\Commands\Server\rewrite.php(47): require_once('D:\\xampp\\htdocs\\CI\\public\\index.php')
INFO - 2023-06-24 10:38:38 --> Session: Class initialized using 'CodeIgniter\Session\Handlers\FileHandler' driver.
CRITICAL - 2023-06-24 10:38:38 --> Attempt to read property "id" on array
in APPPATH\Views\buku\index.php on line 53.
 1 APPPATH\Views\buku\index.php(53): CodeIgniter\Debug\Exceptions->errorHandler(2, 'Attempt to read property "id" on array', 'D:\\xampp\\htdocs\\CI\\app\\Views\\buku\\index.php', 53)
 2 SYSTEMPATH\View\View.php(213): include('D:\\xampp\\htdocs\\CI\\app\\Views\\buku\\index.php')
 3 SYSTEMPATH\View\View.php(216): CodeIgniter\View\View->CodeIgniter\View\{closure}()
 4 SYSTEMPATH\Common.php(1184): CodeIgniter\View\View->render('buku/index', [], true)
 5 APPPATH\Controllers\Buku.php(36): view('buku/index', [...])
 6 SYSTEMPATH\CodeIgniter.php(934): App\Controllers\Buku->index()
 7 SYSTEMPATH\CodeIgniter.php(499): CodeIgniter\CodeIgniter->runController(Object(App\Controllers\Buku))
 8 SYSTEMPATH\CodeIgniter.php(368): CodeIgniter\CodeIgniter->handleRequest(null, Object(Config\Cache), false)
 9 FCPATH\index.php(67): CodeIgniter\CodeIgniter->run()
10 SYSTEMPATH\Commands\Server\rewrite.php(47): require_once('D:\\xampp\\htdocs\\CI\\public\\index.php')
INFO - 2023-06-24 10:39:30 --> Session: Class initialized using 'CodeIgniter\Session\Handlers\FileHandler' driver.
CRITICAL - 2023-06-24 10:39:30 --> Attempt to read property "id" on array
in APPPATH\Views\buku\index.php on line 53.
 1 APPPATH\Views\buku\index.php(53): CodeIgniter\Debug\Exceptions->errorHandler(2, 'Attempt to read property "id" on array', 'D:\\xampp\\htdocs\\CI\\app\\Views\\buku\\index.php', 53)
 2 SYSTEMPATH\View\View.php(213): include('D:\\xampp\\htdocs\\CI\\app\\Views\\buku\\index.php')
 3 SYSTEMPATH\View\View.php(216): CodeIgniter\View\View->CodeIgniter\View\{closure}()
 4 SYSTEMPATH\Common.php(1184): CodeIgniter\View\View->render('buku/index', [], true)
 5 APPPATH\Controllers\Buku.php(36): view('buku/index', [...])
 6 SYSTEMPATH\CodeIgniter.php(934): App\Controllers\Buku->index()
 7 SYSTEMPATH\CodeIgniter.php(499): CodeIgniter\CodeIgniter->runController(Object(App\Controllers\Buku))
 8 SYSTEMPATH\CodeIgniter.php(368): CodeIgniter\CodeIgniter->handleRequest(null, Object(Config\Cache), false)
 9 FCPATH\index.php(67): CodeIgniter\CodeIgniter->run()
10 SYSTEMPATH\Commands\Server\rewrite.php(47): require_once('D:\\xampp\\htdocs\\CI\\public\\index.php')
INFO - 2023-06-24 10:39:30 --> Session: Class initialized using 'CodeIgniter\Session\Handlers\FileHandler' driver.
CRITICAL - 2023-06-24 10:39:30 --> Attempt to read property "id" on array
in APPPATH\Views\buku\index.php on line 53.
 1 APPPATH\Views\buku\index.php(53): CodeIgniter\Debug\Exceptions->errorHandler(2, 'Attempt to read property "id" on array', 'D:\\xampp\\htdocs\\CI\\app\\Views\\buku\\index.php', 53)
 2 SYSTEMPATH\View\View.php(213): include('D:\\xampp\\htdocs\\CI\\app\\Views\\buku\\index.php')
 3 SYSTEMPATH\View\View.php(216): CodeIgniter\View\View->CodeIgniter\View\{closure}()
 4 SYSTEMPATH\Common.php(1184): CodeIgniter\View\View->render('buku/index', [], true)
 5 APPPATH\Controllers\Buku.php(36): view('buku/index', [...])
 6 SYSTEMPATH\CodeIgniter.php(934): App\Controllers\Buku->index()
 7 SYSTEMPATH\CodeIgniter.php(499): CodeIgniter\CodeIgniter->runController(Object(App\Controllers\Buku))
 8 SYSTEMPATH\CodeIgniter.php(368): CodeIgniter\CodeIgniter->handleRequest(null, Object(Config\Cache), false)
 9 FCPATH\index.php(67): CodeIgniter\CodeIgniter->run()
10 SYSTEMPATH\Commands\Server\rewrite.php(47): require_once('D:\\xampp\\htdocs\\CI\\public\\index.php')
INFO - 2023-06-24 10:39:31 --> Session: Class initialized using 'CodeIgniter\Session\Handlers\FileHandler' driver.
CRITICAL - 2023-06-24 10:39:31 --> Attempt to read property "id" on array
in APPPATH\Views\buku\index.php on line 53.
 1 APPPATH\Views\buku\index.php(53): CodeIgniter\Debug\Exceptions->errorHandler(2, 'Attempt to read property "id" on array', 'D:\\xampp\\htdocs\\CI\\app\\Views\\buku\\index.php', 53)
 2 SYSTEMPATH\View\View.php(213): include('D:\\xampp\\htdocs\\CI\\app\\Views\\buku\\index.php')
 3 SYSTEMPATH\View\View.php(216): CodeIgniter\View\View->CodeIgniter\View\{closure}()
 4 SYSTEMPATH\Common.php(1184): CodeIgniter\View\View->render('buku/index', [], true)
 5 APPPATH\Controllers\Buku.php(36): view('buku/index', [...])
 6 SYSTEMPATH\CodeIgniter.php(934): App\Controllers\Buku->index()
 7 SYSTEMPATH\CodeIgniter.php(499): CodeIgniter\CodeIgniter->runController(Object(App\Controllers\Buku))
 8 SYSTEMPATH\CodeIgniter.php(368): CodeIgniter\CodeIgniter->handleRequest(null, Object(Config\Cache), false)
 9 FCPATH\index.php(67): CodeIgniter\CodeIgniter->run()
10 SYSTEMPATH\Commands\Server\rewrite.php(47): require_once('D:\\xampp\\htdocs\\CI\\public\\index.php')
INFO - 2023-06-24 10:39:31 --> Session: Class initialized using 'CodeIgniter\Session\Handlers\FileHandler' driver.
CRITICAL - 2023-06-24 10:39:31 --> Attempt to read property "id" on array
in APPPATH\Views\buku\index.php on line 53.
 1 APPPATH\Views\buku\index.php(53): CodeIgniter\Debug\Exceptions->errorHandler(2, 'Attempt to read property "id" on array', 'D:\\xampp\\htdocs\\CI\\app\\Views\\buku\\index.php', 53)
 2 SYSTEMPATH\View\View.php(213): include('D:\\xampp\\htdocs\\CI\\app\\Views\\buku\\index.php')
 3 SYSTEMPATH\View\View.php(216): CodeIgniter\View\View->CodeIgniter\View\{closure}()
 4 SYSTEMPATH\Common.php(1184): CodeIgniter\View\View->render('buku/index', [], true)
 5 APPPATH\Controllers\Buku.php(36): view('buku/index', [...])
 6 SYSTEMPATH\CodeIgniter.php(934): App\Controllers\Buku->index()
 7 SYSTEMPATH\CodeIgniter.php(499): CodeIgniter\CodeIgniter->runController(Object(App\Controllers\Buku))
 8 SYSTEMPATH\CodeIgniter.php(368): CodeIgniter\CodeIgniter->handleRequest(null, Object(Config\Cache), false)
 9 FCPATH\index.php(67): CodeIgniter\CodeIgniter->run()
10 SYSTEMPATH\Commands\Server\rewrite.php(47): require_once('D:\\xampp\\htdocs\\CI\\public\\index.php')
INFO - 2023-06-24 10:39:31 --> Session: Class initialized using 'CodeIgniter\Session\Handlers\FileHandler' driver.
CRITICAL - 2023-06-24 10:39:31 --> Attempt to read property "id" on array
in APPPATH\Views\buku\index.php on line 53.
 1 APPPATH\Views\buku\index.php(53): CodeIgniter\Debug\Exceptions->errorHandler(2, 'Attempt to read property "id" on array', 'D:\\xampp\\htdocs\\CI\\app\\Views\\buku\\index.php', 53)
 2 SYSTEMPATH\View\View.php(213): include('D:\\xampp\\htdocs\\CI\\app\\Views\\buku\\index.php')
 3 SYSTEMPATH\View\View.php(216): CodeIgniter\View\View->CodeIgniter\View\{closure}()
 4 SYSTEMPATH\Common.php(1184): CodeIgniter\View\View->render('buku/index', [], true)
 5 APPPATH\Controllers\Buku.php(36): view('buku/index', [...])
 6 SYSTEMPATH\CodeIgniter.php(934): App\Controllers\Buku->index()
 7 SYSTEMPATH\CodeIgniter.php(499): CodeIgniter\CodeIgniter->runController(Object(App\Controllers\Buku))
 8 SYSTEMPATH\CodeIgniter.php(368): CodeIgniter\CodeIgniter->handleRequest(null, Object(Config\Cache), false)
 9 FCPATH\index.php(67): CodeIgniter\CodeIgniter->run()
10 SYSTEMPATH\Commands\Server\rewrite.php(47): require_once('D:\\xampp\\htdocs\\CI\\public\\index.php')
INFO - 2023-06-24 10:40:13 --> Session: Class initialized using 'CodeIgniter\Session\Handlers\FileHandler' driver.
CRITICAL - 2023-06-24 10:40:13 --> Attempt to read property "gambar" on array
in APPPATH\Views\buku\index.php on line 48.
 1 APPPATH\Views\buku\index.php(48): CodeIgniter\Debug\Exceptions->errorHandler(2, 'Attempt to read property "gambar" on array', 'D:\\xampp\\htdocs\\CI\\app\\Views\\buku\\index.php', 48)
 2 SYSTEMPATH\View\View.php(213): include('D:\\xampp\\htdocs\\CI\\app\\Views\\buku\\index.php')
 3 SYSTEMPATH\View\View.php(216): CodeIgniter\View\View->CodeIgniter\View\{closure}()
 4 SYSTEMPATH\Common.php(1184): CodeIgniter\View\View->render('buku/index', [], true)
 5 APPPATH\Controllers\Buku.php(36): view('buku/index', [...])
 6 SYSTEMPATH\CodeIgniter.php(934): App\Controllers\Buku->index()
 7 SYSTEMPATH\CodeIgniter.php(499): CodeIgniter\CodeIgniter->runController(Object(App\Controllers\Buku))
 8 SYSTEMPATH\CodeIgniter.php(368): CodeIgniter\CodeIgniter->handleRequest(null, Object(Config\Cache), false)
 9 FCPATH\index.php(67): CodeIgniter\CodeIgniter->run()
10 SYSTEMPATH\Commands\Server\rewrite.php(47): require_once('D:\\xampp\\htdocs\\CI\\public\\index.php')
INFO - 2023-06-24 10:40:14 --> Session: Class initialized using 'CodeIgniter\Session\Handlers\FileHandler' driver.
CRITICAL - 2023-06-24 10:40:14 --> Attempt to read property "gambar" on array
in APPPATH\Views\buku\index.php on line 48.
 1 APPPATH\Views\buku\index.php(48): CodeIgniter\Debug\Exceptions->errorHandler(2, 'Attempt to read property "gambar" on array', 'D:\\xampp\\htdocs\\CI\\app\\Views\\buku\\index.php', 48)
 2 SYSTEMPATH\View\View.php(213): include('D:\\xampp\\htdocs\\CI\\app\\Views\\buku\\index.php')
 3 SYSTEMPATH\View\View.php(216): CodeIgniter\View\View->CodeIgniter\View\{closure}()
 4 SYSTEMPATH\Common.php(1184): CodeIgniter\View\View->render('buku/index', [], true)
 5 APPPATH\Controllers\Buku.php(36): view('buku/index', [...])
 6 SYSTEMPATH\CodeIgniter.php(934): App\Controllers\Buku->index()
 7 SYSTEMPATH\CodeIgniter.php(499): CodeIgniter\CodeIgniter->runController(Object(App\Controllers\Buku))
 8 SYSTEMPATH\CodeIgniter.php(368): CodeIgniter\CodeIgniter->handleRequest(null, Object(Config\Cache), false)
 9 FCPATH\index.php(67): CodeIgniter\CodeIgniter->run()
10 SYSTEMPATH\Commands\Server\rewrite.php(47): require_once('D:\\xampp\\htdocs\\CI\\public\\index.php')
INFO - 2023-06-24 10:47:52 --> Session: Class initialized using 'CodeIgniter\Session\Handlers\FileHandler' driver.
INFO - 2023-06-24 10:47:54 --> Session: Class initialized using 'CodeIgniter\Session\Handlers\FileHandler' driver.
INFO - 2023-06-24 10:47:55 --> Session: Class initialized using 'CodeIgniter\Session\Handlers\FileHandler' driver.
INFO - 2023-06-24 10:49:05 --> Session: Class initialized using 'CodeIgniter\Session\Handlers\FileHandler' driver.
INFO - 2023-06-24 10:49:06 --> Session: Class initialized using 'CodeIgniter\Session\Handlers\FileHandler' driver.
INFO - 2023-06-24 10:49:06 --> Session: Class initialized using 'CodeIgniter\Session\Handlers\FileHandler' driver.
CRITICAL - 2023-06-24 10:49:06 --> Cannot use object of type stdClass as array
in APPPATH\Controllers\Buku.php on line 85.
 1 SYSTEMPATH\CodeIgniter.php(934): App\Controllers\Buku->generateQRCode('4')
 2 SYSTEMPATH\CodeIgniter.php(499): CodeIgniter\CodeIgniter->runController(Object(App\Controllers\Buku))
 3 SYSTEMPATH\CodeIgniter.php(368): CodeIgniter\CodeIgniter->handleRequest(null, Object(Config\Cache), false)
 4 FCPATH\index.php(67): CodeIgniter\CodeIgniter->run()
 5 SYSTEMPATH\Commands\Server\rewrite.php(47): require_once('D:\\xampp\\htdocs\\CI\\public\\index.php')
INFO - 2023-06-24 10:49:46 --> Session: Class initialized using 'CodeIgniter\Session\Handlers\FileHandler' driver.
CRITICAL - 2023-06-24 10:49:46 --> Class "Illuminate\Support\Facades\Facade" not found
in VENDORPATH\simplesoftwareio\simple-qrcode\src\Facades\QrCode.php on line 8.
 1 SYSTEMPATH\Autoloader\Autoloader.php(312): include_once()
 2 SYSTEMPATH\Autoloader\Autoloader.php(248): CodeIgniter\Autoloader\Autoloader->includeFile('D:\\xampp\\htdocs\\CI\\vendor\\composer/../simplesoftwareio/simple-qrcode/src/Facades/QrCode.php')
 3 APPPATH\Controllers\Buku.php(90): CodeIgniter\Autoloader\Autoloader->loadClassmap('SimpleSoftwareIO\\QrCode\\Facades\\QrCode')
 4 SYSTEMPATH\CodeIgniter.php(934): App\Controllers\Buku->generateQRCode('4')
 5 SYSTEMPATH\CodeIgniter.php(499): CodeIgniter\CodeIgniter->runController(Object(App\Controllers\Buku))
 6 SYSTEMPATH\CodeIgniter.php(368): CodeIgniter\CodeIgniter->handleRequest(null, Object(Config\Cache), false)
 7 FCPATH\index.php(67): CodeIgniter\CodeIgniter->run()
 8 SYSTEMPATH\Commands\Server\rewrite.php(47): require_once('D:\\xampp\\htdocs\\CI\\public\\index.php')
INFO - 2023-06-24 10:49:47 --> Session: Class initialized using 'CodeIgniter\Session\Handlers\FileHandler' driver.
CRITICAL - 2023-06-24 10:49:47 --> Class "Illuminate\Support\Facades\Facade" not found
in VENDORPATH\simplesoftwareio\simple-qrcode\src\Facades\QrCode.php on line 8.
 1 SYSTEMPATH\Autoloader\Autoloader.php(312): include_once()
 2 SYSTEMPATH\Autoloader\Autoloader.php(248): CodeIgniter\Autoloader\Autoloader->includeFile('D:\\xampp\\htdocs\\CI\\vendor\\composer/../simplesoftwareio/simple-qrcode/src/Facades/QrCode.php')
 3 APPPATH\Controllers\Buku.php(90): CodeIgniter\Autoloader\Autoloader->loadClassmap('SimpleSoftwareIO\\QrCode\\Facades\\QrCode')
 4 SYSTEMPATH\CodeIgniter.php(934): App\Controllers\Buku->generateQRCode('4')
 5 SYSTEMPATH\CodeIgniter.php(499): CodeIgniter\CodeIgniter->runController(Object(App\Controllers\Buku))
 6 SYSTEMPATH\CodeIgniter.php(368): CodeIgniter\CodeIgniter->handleRequest(null, Object(Config\Cache), false)
 7 FCPATH\index.php(67): CodeIgniter\CodeIgniter->run()
 8 SYSTEMPATH\Commands\Server\rewrite.php(47): require_once('D:\\xampp\\htdocs\\CI\\public\\index.php')
INFO - 2023-06-24 10:50:37 --> Session: Class initialized using 'CodeIgniter\Session\Handlers\FileHandler' driver.
INFO - 2023-06-24 10:52:01 --> Session: Class initialized using 'CodeIgniter\Session\Handlers\FileHandler' driver.
INFO - 2023-06-24 10:52:02 --> Session: Class initialized using 'CodeIgniter\Session\Handlers\FileHandler' driver.
CRITICAL - 2023-06-24 10:52:02 --> Class "Illuminate\Support\Facades\Facade" not found
in VENDORPATH\simplesoftwareio\simple-qrcode\src\Facades\QrCode.php on line 8.
 1 SYSTEMPATH\Autoloader\Autoloader.php(312): include_once()
 2 SYSTEMPATH\Autoloader\Autoloader.php(248): CodeIgniter\Autoloader\Autoloader->includeFile('D:\\xampp\\htdocs\\CI\\vendor\\composer/../simplesoftwareio/simple-qrcode/src/Facades/QrCode.php')
 3 APPPATH\Controllers\Buku.php(90): CodeIgniter\Autoloader\Autoloader->loadClassmap('SimpleSoftwareIO\\QrCode\\Facades\\QrCode')
 4 SYSTEMPATH\CodeIgniter.php(934): App\Controllers\Buku->generateQRCode('4')
 5 SYSTEMPATH\CodeIgniter.php(499): CodeIgniter\CodeIgniter->runController(Object(App\Controllers\Buku))
 6 SYSTEMPATH\CodeIgniter.php(368): CodeIgniter\CodeIgniter->handleRequest(null, Object(Config\Cache), false)
 7 FCPATH\index.php(67): CodeIgniter\CodeIgniter->run()
 8 SYSTEMPATH\Commands\Server\rewrite.php(47): require_once('D:\\xampp\\htdocs\\CI\\public\\index.php')
INFO - 2023-06-24 10:54:04 --> Session: Class initialized using 'CodeIgniter\Session\Handlers\FileHandler' driver.
INFO - 2023-06-24 10:54:05 --> Session: Class initialized using 'CodeIgniter\Session\Handlers\FileHandler' driver.
INFO - 2023-06-24 10:54:06 --> Session: Class initialized using 'CodeIgniter\Session\Handlers\FileHandler' driver.
CRITICAL - 2023-06-24 10:54:06 --> Class "Illuminate\Support\Facades\Facade" not found
in VENDORPATH\simplesoftwareio\simple-qrcode\src\Facades\QrCode.php on line 8.
 1 SYSTEMPATH\Autoloader\Autoloader.php(312): include_once()
 2 SYSTEMPATH\Autoloader\Autoloader.php(248): CodeIgniter\Autoloader\Autoloader->includeFile('D:\\xampp\\htdocs\\CI\\vendor\\composer/../simplesoftwareio/simple-qrcode/src/Facades/QrCode.php')
 3 APPPATH\Controllers\Buku.php(83): CodeIgniter\Autoloader\Autoloader->loadClassmap('SimpleSoftwareIO\\QrCode\\Facades\\QrCode')
 4 SYSTEMPATH\CodeIgniter.php(934): App\Controllers\Buku->generateQRCode('4')
 5 SYSTEMPATH\CodeIgniter.php(499): CodeIgniter\CodeIgniter->runController(Object(App\Controllers\Buku))
 6 SYSTEMPATH\CodeIgniter.php(368): CodeIgniter\CodeIgniter->handleRequest(null, Object(Config\Cache), false)
 7 FCPATH\index.php(67): CodeIgniter\CodeIgniter->run()
 8 SYSTEMPATH\Commands\Server\rewrite.php(47): require_once('D:\\xampp\\htdocs\\CI\\public\\index.php')
INFO - 2023-06-24 10:55:09 --> Session: Class initialized using 'CodeIgniter\Session\Handlers\FileHandler' driver.
INFO - 2023-06-24 10:55:09 --> Session: Class initialized using 'CodeIgniter\Session\Handlers\FileHandler' driver.
INFO - 2023-06-24 10:55:10 --> Session: Class initialized using 'CodeIgniter\Session\Handlers\FileHandler' driver.
CRITICAL - 2023-06-24 10:55:10 --> Class "Illuminate\Support\Facades\Facade" not found
in VENDORPATH\simplesoftwareio\simple-qrcode\src\Facades\QrCode.php on line 8.
 1 SYSTEMPATH\Autoloader\Autoloader.php(312): include_once()
 2 SYSTEMPATH\Autoloader\Autoloader.php(248): CodeIgniter\Autoloader\Autoloader->includeFile('D:\\xampp\\htdocs\\CI\\vendor\\composer/../simplesoftwareio/simple-qrcode/src/Facades/QrCode.php')
 3 APPPATH\Controllers\Buku.php(87): CodeIgniter\Autoloader\Autoloader->loadClassmap('SimpleSoftwareIO\\QrCode\\Facades\\QrCode')
 4 SYSTEMPATH\CodeIgniter.php(934): App\Controllers\Buku->generateQRCode('4')
 5 SYSTEMPATH\CodeIgniter.php(499): CodeIgniter\CodeIgniter->runController(Object(App\Controllers\Buku))
 6 SYSTEMPATH\CodeIgniter.php(368): CodeIgniter\CodeIgniter->handleRequest(null, Object(Config\Cache), false)
 7 FCPATH\index.php(67): CodeIgniter\CodeIgniter->run()
 8 SYSTEMPATH\Commands\Server\rewrite.php(47): require_once('D:\\xampp\\htdocs\\CI\\public\\index.php')
INFO - 2023-06-24 11:00:12 --> Session: Class initialized using 'CodeIgniter\Session\Handlers\FileHandler' driver.
INFO - 2023-06-24 11:00:13 --> Session: Class initialized using 'CodeIgniter\Session\Handlers\FileHandler' driver.
CRITICAL - 2023-06-24 11:00:13 --> Class "Illuminate\Support\Facades\Facade" not found
in VENDORPATH\simplesoftwareio\simple-qrcode\src\Facades\QrCode.php on line 8.
 1 SYSTEMPATH\Autoloader\Autoloader.php(312): include_once()
 2 SYSTEMPATH\Autoloader\Autoloader.php(248): CodeIgniter\Autoloader\Autoloader->includeFile('D:\\xampp\\htdocs\\CI\\vendor\\composer/../simplesoftwareio/simple-qrcode/src/Facades/QrCode.php')
 3 APPPATH\Controllers\Buku.php(87): CodeIgniter\Autoloader\Autoloader->loadClassmap('SimpleSoftwareIO\\QrCode\\Facades\\QrCode')
 4 SYSTEMPATH\CodeIgniter.php(934): App\Controllers\Buku->generateQRCode('4')
 5 SYSTEMPATH\CodeIgniter.php(499): CodeIgniter\CodeIgniter->runController(Object(App\Controllers\Buku))
 6 SYSTEMPATH\CodeIgniter.php(368): CodeIgniter\CodeIgniter->handleRequest(null, Object(Config\Cache), false)
 7 FCPATH\index.php(67): CodeIgniter\CodeIgniter->run()
 8 SYSTEMPATH\Commands\Server\rewrite.php(47): require_once('D:\\xampp\\htdocs\\CI\\public\\index.php')
INFO - 2023-06-24 11:01:14 --> Session: Class initialized using 'CodeIgniter\Session\Handlers\FileHandler' driver.
CRITICAL - 2023-06-24 11:01:14 --> Class "SimpleSoftwareIO\QrCode\BaconQrCodeGenerator" not found
in APPPATH\Controllers\Buku.php on line 87.
 1 SYSTEMPATH\CodeIgniter.php(934): App\Controllers\Buku->generateQRCode('4')
 2 SYSTEMPATH\CodeIgniter.php(499): CodeIgniter\CodeIgniter->runController(Object(App\Controllers\Buku))
 3 SYSTEMPATH\CodeIgniter.php(368): CodeIgniter\CodeIgniter->handleRequest(null, Object(Config\Cache), false)
 4 FCPATH\index.php(67): CodeIgniter\CodeIgniter->run()
 5 SYSTEMPATH\Commands\Server\rewrite.php(47): require_once('D:\\xampp\\htdocs\\CI\\public\\index.php')
INFO - 2023-06-24 11:02:46 --> Session: Class initialized using 'CodeIgniter\Session\Handlers\FileHandler' driver.
CRITICAL - 2023-06-24 11:02:46 --> Class "SimpleSoftwareIO\QrCode\BaconQrCodeGenerator" not found
in APPPATH\Controllers\Buku.php on line 87.
 1 SYSTEMPATH\CodeIgniter.php(934): App\Controllers\Buku->generateQRCode('4')
 2 SYSTEMPATH\CodeIgniter.php(499): CodeIgniter\CodeIgniter->runController(Object(App\Controllers\Buku))
 3 SYSTEMPATH\CodeIgniter.php(368): CodeIgniter\CodeIgniter->handleRequest(null, Object(Config\Cache), false)
 4 FCPATH\index.php(67): CodeIgniter\CodeIgniter->run()
 5 SYSTEMPATH\Commands\Server\rewrite.php(47): require_once('D:\\xampp\\htdocs\\CI\\public\\index.php')
INFO - 2023-06-24 11:02:46 --> Session: Class initialized using 'CodeIgniter\Session\Handlers\FileHandler' driver.
CRITICAL - 2023-06-24 11:02:46 --> Class "SimpleSoftwareIO\QrCode\BaconQrCodeGenerator" not found
in APPPATH\Controllers\Buku.php on line 87.
 1 SYSTEMPATH\CodeIgniter.php(934): App\Controllers\Buku->generateQRCode('4')
 2 SYSTEMPATH\CodeIgniter.php(499): CodeIgniter\CodeIgniter->runController(Object(App\Controllers\Buku))
 3 SYSTEMPATH\CodeIgniter.php(368): CodeIgniter\CodeIgniter->handleRequest(null, Object(Config\Cache), false)
 4 FCPATH\index.php(67): CodeIgniter\CodeIgniter->run()
 5 SYSTEMPATH\Commands\Server\rewrite.php(47): require_once('D:\\xampp\\htdocs\\CI\\public\\index.php')
INFO - 2023-06-24 11:02:47 --> Session: Class initialized using 'CodeIgniter\Session\Handlers\FileHandler' driver.
CRITICAL - 2023-06-24 11:02:47 --> Class "SimpleSoftwareIO\QrCode\BaconQrCodeGenerator" not found
in APPPATH\Controllers\Buku.php on line 87.
 1 SYSTEMPATH\CodeIgniter.php(934): App\Controllers\Buku->generateQRCode('4')
 2 SYSTEMPATH\CodeIgniter.php(499): CodeIgniter\CodeIgniter->runController(Object(App\Controllers\Buku))
 3 SYSTEMPATH\CodeIgniter.php(368): CodeIgniter\CodeIgniter->handleRequest(null, Object(Config\Cache), false)
 4 FCPATH\index.php(67): CodeIgniter\CodeIgniter->run()
 5 SYSTEMPATH\Commands\Server\rewrite.php(47): require_once('D:\\xampp\\htdocs\\CI\\public\\index.php')
INFO - 2023-06-24 11:02:47 --> Session: Class initialized using 'CodeIgniter\Session\Handlers\FileHandler' driver.
CRITICAL - 2023-06-24 11:02:47 --> Class "SimpleSoftwareIO\QrCode\BaconQrCodeGenerator" not found
in APPPATH\Controllers\Buku.php on line 87.
 1 SYSTEMPATH\CodeIgniter.php(934): App\Controllers\Buku->generateQRCode('4')
 2 SYSTEMPATH\CodeIgniter.php(499): CodeIgniter\CodeIgniter->runController(Object(App\Controllers\Buku))
 3 SYSTEMPATH\CodeIgniter.php(368): CodeIgniter\CodeIgniter->handleRequest(null, Object(Config\Cache), false)
 4 FCPATH\index.php(67): CodeIgniter\CodeIgniter->run()
 5 SYSTEMPATH\Commands\Server\rewrite.php(47): require_once('D:\\xampp\\htdocs\\CI\\public\\index.php')
INFO - 2023-06-24 11:02:47 --> Session: Class initialized using 'CodeIgniter\Session\Handlers\FileHandler' driver.
CRITICAL - 2023-06-24 11:02:47 --> Class "SimpleSoftwareIO\QrCode\BaconQrCodeGenerator" not found
in APPPATH\Controllers\Buku.php on line 87.
 1 SYSTEMPATH\CodeIgniter.php(934): App\Controllers\Buku->generateQRCode('4')
 2 SYSTEMPATH\CodeIgniter.php(499): CodeIgniter\CodeIgniter->runController(Object(App\Controllers\Buku))
 3 SYSTEMPATH\CodeIgniter.php(368): CodeIgniter\CodeIgniter->handleRequest(null, Object(Config\Cache), false)
 4 FCPATH\index.php(67): CodeIgniter\CodeIgniter->run()
 5 SYSTEMPATH\Commands\Server\rewrite.php(47): require_once('D:\\xampp\\htdocs\\CI\\public\\index.php')
INFO - 2023-06-24 11:27:39 --> Session: Class initialized using 'CodeIgniter\Session\Handlers\FileHandler' driver.
CRITICAL - 2023-06-24 11:27:39 --> Class "SimpleSoftwareIO\QrCode\BaconQrCodeGenerator" not found
in APPPATH\Controllers\Buku.php on line 87.
 1 SYSTEMPATH\CodeIgniter.php(934): App\Controllers\Buku->generateQRCode('4')
 2 SYSTEMPATH\CodeIgniter.php(499): CodeIgniter\CodeIgniter->runController(Object(App\Controllers\Buku))
 3 SYSTEMPATH\CodeIgniter.php(368): CodeIgniter\CodeIgniter->handleRequest(null, Object(Config\Cache), false)
 4 FCPATH\index.php(67): CodeIgniter\CodeIgniter->run()
 5 SYSTEMPATH\Commands\Server\rewrite.php(47): require_once('D:\\xampp\\htdocs\\CI\\public\\index.php')
INFO - 2023-06-24 11:27:41 --> Session: Class initialized using 'CodeIgniter\Session\Handlers\FileHandler' driver.
INFO - 2023-06-24 11:27:46 --> Session: Class initialized using 'CodeIgniter\Session\Handlers\FileHandler' driver.
CRITICAL - 2023-06-24 11:27:46 --> Class "SimpleSoftwareIO\QrCode\BaconQrCodeGenerator" not found
in APPPATH\Controllers\Buku.php on line 87.
 1 SYSTEMPATH\CodeIgniter.php(934): App\Controllers\Buku->generateQRCode('5')
 2 SYSTEMPATH\CodeIgniter.php(499): CodeIgniter\CodeIgniter->runController(Object(App\Controllers\Buku))
 3 SYSTEMPATH\CodeIgniter.php(368): CodeIgniter\CodeIgniter->handleRequest(null, Object(Config\Cache), false)
 4 FCPATH\index.php(67): CodeIgniter\CodeIgniter->run()
 5 SYSTEMPATH\Commands\Server\rewrite.php(47): require_once('D:\\xampp\\htdocs\\CI\\public\\index.php')
INFO - 2023-06-24 11:27:47 --> Session: Class initialized using 'CodeIgniter\Session\Handlers\FileHandler' driver.
INFO - 2023-06-24 11:27:49 --> Session: Class initialized using 'CodeIgniter\Session\Handlers\FileHandler' driver.
CRITICAL - 2023-06-24 11:27:49 --> Class "SimpleSoftwareIO\QrCode\BaconQrCodeGenerator" not found
in APPPATH\Controllers\Buku.php on line 87.
 1 SYSTEMPATH\CodeIgniter.php(934): App\Controllers\Buku->generateQRCode('37')
 2 SYSTEMPATH\CodeIgniter.php(499): CodeIgniter\CodeIgniter->runController(Object(App\Controllers\Buku))
 3 SYSTEMPATH\CodeIgniter.php(368): CodeIgniter\CodeIgniter->handleRequest(null, Object(Config\Cache), false)
 4 FCPATH\index.php(67): CodeIgniter\CodeIgniter->run()
 5 SYSTEMPATH\Commands\Server\rewrite.php(47): require_once('D:\\xampp\\htdocs\\CI\\public\\index.php')
INFO - 2023-06-24 11:27:53 --> Session: Class initialized using 'CodeIgniter\Session\Handlers\FileHandler' driver.
INFO - 2023-06-24 11:28:13 --> Session: Class initialized using 'CodeIgniter\Session\Handlers\FileHandler' driver.
INFO - 2023-06-24 11:28:14 --> Session: Class initialized using 'CodeIgniter\Session\Handlers\FileHandler' driver.
INFO - 2023-06-24 11:28:16 --> Session: Class initialized using 'CodeIgniter\Session\Handlers\FileHandler' driver.
INFO - 2023-06-24 11:28:34 --> Session: Class initialized using 'CodeIgniter\Session\Handlers\FileHandler' driver.
INFO - 2023-06-24 11:28:37 --> Session: Class initialized using 'CodeIgniter\Session\Handlers\FileHandler' driver.
INFO - 2023-06-24 11:28:40 --> Session: Class initialized using 'CodeIgniter\Session\Handlers\FileHandler' driver.
INFO - 2023-06-24 11:29:28 --> Session: Class initialized using 'CodeIgniter\Session\Handlers\FileHandler' driver.
